<?xml version="1.0" encoding="UTF-8" ?>
<testsuite tests="3" failures="0" name="RunCucumberTest" time="0.64" errors="3" skipped="0">
  <properties>
[...]
</properties>
  <testcase classname="Login to an e-commerce website" name="Verify users can login to portal with valid credentials" time="0.315">
    <error message="The path to the driver executable must be set by the webdriver.gecko.driver system property; for more information, see https://github.com/mozilla/geckodriver. The latest version can be downloaded from https://github.com/mozilla/geckodriver/releases" type="java.lang.IllegalStateException">java.lang.IllegalStateException: The path to the driver executable must be set by the webdriver.gecko.driver system property; for more information, see https://github.com/mozilla/geckodriver. The latest version can be downloaded from https://github.com/mozilla/geckodriver/releases
	at com.google.common.base.Preconditions.checkState(Preconditions.java:847)
	at org.openqa.selenium.remote.service.DriverService.findExecutable(DriverService.java:134)
	at org.openqa.selenium.firefox.GeckoDriverService.access$100(GeckoDriverService.java:44)
	at org.openqa.selenium.firefox.GeckoDriverService$Builder.findDefaultExecutable(GeckoDriverService.java:167)
	at org.openqa.selenium.remote.service.DriverService$Builder.build(DriverService.java:355)
	at org.openqa.selenium.firefox.FirefoxDriver.toExecutor(FirefoxDriver.java:190)
	at org.openqa.selenium.firefox.FirefoxDriver.&lt;init&gt;(FirefoxDriver.java:147)
	at StepDefinitions.user_visits_e_commerce_website(StepDefinitions.java:26)
	at ✽.User visits e-commerce website( login.feature:4)
</error>
    <system-out>Feature: Login to an e-commerce website

  Scenario Outline: Verify users can login to portal with valid credentials &amp;#27;[90m#  login.feature:3&amp;#27;[0m
    &amp;#27;[36mGiven User visits e-commerce website&amp;#27;[0m
    &amp;#27;[36mWhen User enters valid &quot;&lt;username&gt;&quot; and valid &quot;&lt;password&gt;&quot;&amp;#27;[0m
    &amp;#27;[36mThen User can logged in successfully&amp;#27;[0m

    Examples: 

  Scenario Outline: Verify users can login to portal with valid credentials &amp;#27;[90m#  login.feature:10&amp;#27;[0m
    &amp;#27;[31mGiven &amp;#27;[0m&amp;#27;[31mUser visits e-commerce website&amp;#27;[0m                                    &amp;#27;[90m# StepDefinitions.user_visits_e_commerce_website()&amp;#27;[0m
      &amp;#27;[31mjava.lang.IllegalStateException: The path to the driver executable must be set by the webdriver.gecko.driver system property; for more information, see https://github.com/mozilla/geckodriver. The latest version can be downloaded from https://github.com/mozilla/geckodriver/releases
	at com.google.common.base.Preconditions.checkState(Preconditions.java:847)
	at org.openqa.selenium.remote.service.DriverService.findExecutable(DriverService.java:134)
	at org.openqa.selenium.firefox.GeckoDriverService.access$100(GeckoDriverService.java:44)
	at org.openqa.selenium.firefox.GeckoDriverService$Builder.findDefaultExecutable(GeckoDriverService.java:167)
	at org.openqa.selenium.remote.service.DriverService$Builder.build(DriverService.java:355)
	at org.openqa.selenium.firefox.FirefoxDriver.toExecutor(FirefoxDriver.java:190)
	at org.openqa.selenium.firefox.FirefoxDriver.&lt;init&gt;(FirefoxDriver.java:147)
	at StepDefinitions.user_visits_e_commerce_website(StepDefinitions.java:26)
	at ?.User visits e-commerce website( login.feature:4)
&amp;#27;[0m
    &amp;#27;[33mWhen &amp;#27;[0m&amp;#27;[33mUser enters valid &quot;ahmed.tawhid005@gmail.com&quot; and valid &quot;alvi001&quot;&amp;#27;[0m  &amp;#27;[90m# null&amp;#27;[0m
    &amp;#27;[36mThen &amp;#27;[0m&amp;#27;[36mUser can logged in successfully&amp;#27;[0m                                    &amp;#27;[90m# StepDefinitions.user_can_logged_in_successfully()&amp;#27;[0m
</system-out>
  </testcase>
  <testcase classname="Login to an e-commerce website" name="Verify users can login to portal with valid credentials" time="0.316">
    <error message="The step &quot;User enters valid &quot;ahmed.tawhid005@gmail.com&quot; and valid &quot;alvi001&quot;&quot; is undefined" type="cucumber.runtime.junit.UndefinedThrowable">cucumber.runtime.junit.UndefinedThrowable: The step &quot;User enters valid &quot;ahmed.tawhid005@gmail.com&quot; and valid &quot;alvi001&quot;&quot; is undefined
</error>
  </testcase>
  <testcase classname="Login to an e-commerce website" name="Verify users cannot login to portal without valid credentials" time="0.009">
    <error message="The path to the driver executable must be set by the webdriver.gecko.driver system property; for more information, see https://github.com/mozilla/geckodriver. The latest version can be downloaded from https://github.com/mozilla/geckodriver/releases" type="java.lang.IllegalStateException">java.lang.IllegalStateException: The path to the driver executable must be set by the webdriver.gecko.driver system property; for more information, see https://github.com/mozilla/geckodriver. The latest version can be downloaded from https://github.com/mozilla/geckodriver/releases
	at com.google.common.base.Preconditions.checkState(Preconditions.java:847)
	at org.openqa.selenium.remote.service.DriverService.findExecutable(DriverService.java:134)
	at org.openqa.selenium.firefox.GeckoDriverService.access$100(GeckoDriverService.java:44)
	at org.openqa.selenium.firefox.GeckoDriverService$Builder.findDefaultExecutable(GeckoDriverService.java:167)
	at org.openqa.selenium.remote.service.DriverService$Builder.build(DriverService.java:355)
	at org.openqa.selenium.firefox.FirefoxDriver.toExecutor(FirefoxDriver.java:190)
	at org.openqa.selenium.firefox.FirefoxDriver.&lt;init&gt;(FirefoxDriver.java:147)
	at StepDefinitions.user_visits_e_commerce_website(StepDefinitions.java:26)
	at ✽.User visits e-commerce website( login.feature:13)
</error>
    <system-out>
  Scenario Outline: Verify users cannot login to portal without valid credentials &amp;#27;[90m#  login.feature:12&amp;#27;[0m
    &amp;#27;[36mGiven User visits e-commerce website&amp;#27;[0m
    &amp;#27;[36mWhen User enters invalid &quot;&lt;username&gt;&quot; and invalid &quot;&lt;password&gt;&quot;&amp;#27;[0m
    &amp;#27;[36mThen User can not logged in successfully&amp;#27;[0m

    Examples: 

  Scenario Outline: Verify users cannot login to portal without valid credentials &amp;#27;[90m#  login.feature:19&amp;#27;[0m
    &amp;#27;[31mGiven &amp;#27;[0m&amp;#27;[31mUser visits e-commerce website&amp;#27;[0m                                          &amp;#27;[90m# StepDefinitions.user_visits_e_commerce_website()&amp;#27;[0m
      &amp;#27;[31mjava.lang.IllegalStateException: The path to the driver executable must be set by the webdriver.gecko.driver system property; for more information, see https://github.com/mozilla/geckodriver. The latest version can be downloaded from https://github.com/mozilla/geckodriver/releases
	at com.google.common.base.Preconditions.checkState(Preconditions.java:847)
	at org.openqa.selenium.remote.service.DriverService.findExecutable(DriverService.java:134)
	at org.openqa.selenium.firefox.GeckoDriverService.access$100(GeckoDriverService.java:44)
	at org.openqa.selenium.firefox.GeckoDriverService$Builder.findDefaultExecutable(GeckoDriverService.java:167)
	at org.openqa.selenium.remote.service.DriverService$Builder.build(DriverService.java:355)
	at org.openqa.selenium.firefox.FirefoxDriver.toExecutor(FirefoxDriver.java:190)
	at org.openqa.selenium.firefox.FirefoxDriver.&lt;init&gt;(FirefoxDriver.java:147)
	at StepDefinitions.user_visits_e_commerce_website(StepDefinitions.java:26)
	at ?.User visits e-commerce website( login.feature:13)
&amp;#27;[0m
    &amp;#27;[36mWhen &amp;#27;[0m&amp;#27;[36mUser enters invalid &quot;&amp;#27;[0m&amp;#27;[36m&amp;#27;[1mahmed.tawhid678@gmail.com&amp;#27;[0m&amp;#27;[36m&quot; and invalid &quot;&amp;#27;[0m&amp;#27;[36m&amp;#27;[1malvi009&amp;#27;[0m&amp;#27;[36m&quot;&amp;#27;[0m    &amp;#27;[90m# StepDefinitions.user_enters_invalid_and_invalid(String,String)&amp;#27;[0m
    &amp;#27;[36mThen &amp;#27;[0m&amp;#27;[36mUser can not logged in successfully&amp;#27;[0m                                      &amp;#27;[90m# StepDefinitions.user_can_not_logged_in_successfully()&amp;#27;[0m
</system-out>
  </testcase>
</testsuite>